#
# There is insufficient memory for the Java Runtime Environment to continue.
# Native memory allocation (malloc) failed to allocate 628656 bytes for Chunk::new
# Possible reasons:
#   The system is out of physical RAM or swap space
#   The process is running with CompressedOops enabled, and the Java Heap may be blocking the growth of the native heap
# Possible solutions:
#   Reduce memory load on the system
#   Increase physical memory or swap space
#   Check if swap backing store is full
#   Decrease Java heap size (-Xmx/-Xms)
#   Decrease number of Java threads
#   Decrease Java thread stack sizes (-Xss)
#   Set larger code cache with -XX:ReservedCodeCacheSize=
#   JVM is running with Unscaled Compressed Oops mode in which the Java heap is
#     placed in the first 4GB address space. The Java Heap base address is the
#     maximum limit for the native heap growth. Please use -XX:HeapBaseMinAddress
#     to set the Java Heap base and to place the Java Heap above 4GB virtual address.
# This output file may be truncated or incomplete.
#
#  Out of Memory Error (./src/hotspot/share/memory/arena.cpp:197), pid=9164, tid=21964
#
# JRE version: OpenJDK Runtime Environment Microsoft-7208460 (11.0.18+10) (build 11.0.18+10-LTS)
# Java VM: OpenJDK 64-Bit Server VM Microsoft-7208460 (11.0.18+10-LTS, mixed mode, tiered, compressed oops, g1 gc, windows-amd64)
# No core dump will be written. Minidumps are not enabled by default on client versions of Windows
#

---------------  S U M M A R Y ------------

Command Line: -XX:MaxMetaspaceSize=512m --add-opens=java.base/java.util=ALL-UNNAMED --add-opens=java.base/java.lang=ALL-UNNAMED --add-opens=java.base/java.lang.invoke=ALL-UNNAMED --add-opens=java.prefs/java.util.prefs=ALL-UNNAMED --add-opens=java.base/java.nio.charset=ALL-UNNAMED --add-opens=java.base/java.net=ALL-UNNAMED --add-opens=java.base/java.util.concurrent.atomic=ALL-UNNAMED -Xmx2048m -Dfile.encoding=windows-1252 -Duser.country=ES -Duser.language=es -Duser.variant org.gradle.launcher.daemon.bootstrap.GradleDaemon 8.0.1

Host: AMD Ryzen 5 5600H with Radeon Graphics         , 12 cores, 7G,  Windows 11 , 64 bit Build 22621 (10.0.22621.2070)
Time: Sat Aug 19 16:03:50 2023 Hora est. Pacífico, Sudamérica elapsed time: 6.208910 seconds (0d 0h 0m 6s)

---------------  T H R E A D  ---------------

Current thread (0x000001b7cfd64000):  JavaThread "C2 CompilerThread0" daemon [_thread_in_native, id=21964, stack(0x0000008400100000,0x0000008400200000)]


Current CompileTask:
C2:   6208 3674       4       java.util.AbstractCollection::addAll (42 bytes)

Stack: [0x0000008400100000,0x0000008400200000]
Native frames: (J=compiled Java code, j=interpreted, Vv=VM code, C=native code)
V  [jvm.dll+0x62bf8a]
V  [jvm.dll+0x7b8fb9]
V  [jvm.dll+0x7ba6a8]
V  [jvm.dll+0x7bad83]
V  [jvm.dll+0x250248]
V  [jvm.dll+0xc260c]
V  [jvm.dll+0xc2bcc]
V  [jvm.dll+0x2c4e64]
V  [jvm.dll+0x533dcc]
V  [jvm.dll+0x208c26]
V  [jvm.dll+0x20aab6]
V  [jvm.dll+0x2083eb]
V  [jvm.dll+0x18a4b1]
V  [jvm.dll+0x217eec]
V  [jvm.dll+0x21612b]
V  [jvm.dll+0x77bac0]
V  [jvm.dll+0x7749f4]
V  [jvm.dll+0x62adf5]
C  [ucrtbase.dll+0x29363]
C  [KERNEL32.DLL+0x126ad]
C  [ntdll.dll+0x5aa68]


---------------  P R O C E S S  ---------------

Threads class SMR info:
_java_thread_list=0x000001b7d50b8ca0, length=38, elements={
0x000001b7ae862800, 0x000001b7cfd4f000, 0x000001b7cfd45000, 0x000001b7d0703000,
0x000001b7cfd5d000, 0x000001b7cfd5e000, 0x000001b7cfd64000, 0x000001b7cfd6c800,
0x000001b7cfd76000, 0x000001b7d0849800, 0x000001b7d2195800, 0x000001b7d2139000,
0x000001b7d15b6800, 0x000001b7d1595000, 0x000001b7d292d000, 0x000001b7d290b000,
0x000001b7d2927800, 0x000001b7d21f2000, 0x000001b7d293a000, 0x000001b7d293c800,
0x000001b7d293a800, 0x000001b7d2939000, 0x000001b7d293b800, 0x000001b7d293d000,
0x000001b7d2937800, 0x000001b7d293e000, 0x000001b7d2938800, 0x000001b7d476b000,
0x000001b7d4767000, 0x000001b7d4768000, 0x000001b7d4765800, 0x000001b7d476c000,
0x000001b7d476a000, 0x000001b7d4766000, 0x000001b7d476c800, 0x000001b7d476d800,
0x000001b7d476e800, 0x000001b7d4768800
}

Java Threads: ( => current thread )
  0x000001b7ae862800 JavaThread "main" [_thread_blocked, id=32700, stack(0x000000847f500000,0x000000847f600000)]
  0x000001b7cfd4f000 JavaThread "Reference Handler" daemon [_thread_blocked, id=17940, stack(0x000000847fc00000,0x000000847fd00000)]
  0x000001b7cfd45000 JavaThread "Finalizer" daemon [_thread_blocked, id=33320, stack(0x000000847fd00000,0x000000847fe00000)]
  0x000001b7d0703000 JavaThread "Signal Dispatcher" daemon [_thread_blocked, id=22764, stack(0x000000847fe00000,0x000000847ff00000)]
  0x000001b7cfd5d000 JavaThread "Attach Listener" daemon [_thread_blocked, id=10012, stack(0x000000847ff00000,0x0000008480000000)]
  0x000001b7cfd5e000 JavaThread "Service Thread" daemon [_thread_blocked, id=32680, stack(0x0000008400000000,0x0000008400100000)]
=>0x000001b7cfd64000 JavaThread "C2 CompilerThread0" daemon [_thread_in_native, id=21964, stack(0x0000008400100000,0x0000008400200000)]
  0x000001b7cfd6c800 JavaThread "C1 CompilerThread0" daemon [_thread_blocked, id=33676, stack(0x0000008400200000,0x0000008400300000)]
  0x000001b7cfd76000 JavaThread "Sweeper thread" daemon [_thread_blocked, id=6920, stack(0x0000008400300000,0x0000008400400000)]
  0x000001b7d0849800 JavaThread "Common-Cleaner" daemon [_thread_blocked, id=20224, stack(0x0000008400400000,0x0000008400500000)]
  0x000001b7d2195800 JavaThread "Daemon health stats" [_thread_blocked, id=33844, stack(0x0000008400700000,0x0000008400800000)]
  0x000001b7d2139000 JavaThread "Incoming local TCP Connector on port 50718" [_thread_in_native, id=33856, stack(0x0000008400800000,0x0000008400900000)]
  0x000001b7d15b6800 JavaThread "Daemon periodic checks" [_thread_blocked, id=33860, stack(0x0000008400900000,0x0000008400a00000)]
  0x000001b7d1595000 JavaThread "Daemon" [_thread_blocked, id=33868, stack(0x0000008400a00000,0x0000008400b00000)]
  0x000001b7d292d000 JavaThread "Handler for socket connection from /127.0.0.1:50718 to /127.0.0.1:50719" [_thread_in_native, id=33872, stack(0x0000008400b00000,0x0000008400c00000)]
  0x000001b7d290b000 JavaThread "Cancel handler" [_thread_blocked, id=33876, stack(0x0000008400c00000,0x0000008400d00000)]
  0x000001b7d2927800 JavaThread "Daemon worker" [_thread_in_Java, id=33880, stack(0x0000008400d00000,0x0000008400e00000)]
  0x000001b7d21f2000 JavaThread "Asynchronous log dispatcher for DefaultDaemonConnection: socket connection from /127.0.0.1:50718 to /127.0.0.1:50719" [_thread_blocked, id=33892, stack(0x0000008400e00000,0x0000008400f00000)]
  0x000001b7d293a000 JavaThread "Stdin handler" [_thread_blocked, id=33896, stack(0x0000008400f00000,0x0000008401000000)]
  0x000001b7d293c800 JavaThread "Daemon client event forwarder" [_thread_blocked, id=33900, stack(0x0000008401000000,0x0000008401100000)]
  0x000001b7d293a800 JavaThread "Cache worker for journal cache (C:\Users\Jhair\.gradle\caches\journal-1)" [_thread_blocked, id=33940, stack(0x0000008401900000,0x0000008401a00000)]
  0x000001b7d2939000 JavaThread "File lock request listener" [_thread_in_native, id=33944, stack(0x0000008401a00000,0x0000008401b00000)]
  0x000001b7d293b800 JavaThread "Cache worker for file hash cache (C:\Users\Jhair\.gradle\caches\8.0.1\fileHashes)" [_thread_blocked, id=33960, stack(0x0000008401d00000,0x0000008401e00000)]
  0x000001b7d293d000 JavaThread "File lock release action executor" [_thread_blocked, id=33964, stack(0x0000008401e00000,0x0000008401f00000)]
  0x000001b7d2937800 JavaThread "File watcher server" daemon [_thread_in_native, id=33980, stack(0x0000008401f00000,0x0000008402000000)]
  0x000001b7d293e000 JavaThread "File watcher consumer" daemon [_thread_blocked, id=33984, stack(0x0000008402000000,0x0000008402100000)]
  0x000001b7d2938800 JavaThread "Cache worker for checksums cache (C:\Users\Jhair\Desktop\APP\appJheyted\android\.gradle\8.0.1\checksums)" [_thread_blocked, id=33988, stack(0x0000008402100000,0x0000008402200000)]
  0x000001b7d476b000 JavaThread "Cache worker for cache directory md-rule (C:\Users\Jhair\.gradle\caches\8.0.1\md-rule)" [_thread_blocked, id=33992, stack(0x0000008402200000,0x0000008402300000)]
  0x000001b7d4767000 JavaThread "Cache worker for file content cache (C:\Users\Jhair\.gradle\caches\8.0.1\fileContent)" [_thread_blocked, id=33996, stack(0x0000008402300000,0x0000008402400000)]
  0x000001b7d4768000 JavaThread "Cache worker for file hash cache (C:\Users\Jhair\Desktop\APP\appJheyted\android\.gradle\8.0.1\fileHashes)" [_thread_blocked, id=34000, stack(0x0000008402400000,0x0000008402500000)]
  0x000001b7d4765800 JavaThread "Cache worker for cache directory md-supplier (C:\Users\Jhair\.gradle\caches\8.0.1\md-supplier)" [_thread_blocked, id=34004, stack(0x0000008402500000,0x0000008402600000)]
  0x000001b7d476c000 JavaThread "Cache worker for execution history cache (C:\Users\Jhair\.gradle\caches\8.0.1\executionHistory)" [_thread_blocked, id=34008, stack(0x0000008402600000,0x0000008402700000)]
  0x000001b7d476a000 JavaThread "jar transforms" [_thread_blocked, id=34444, stack(0x0000008402700000,0x0000008402800000)]
  0x000001b7d4766000 JavaThread "jar transforms Thread 2" [_thread_blocked, id=34452, stack(0x0000008402800000,0x0000008402900000)]
  0x000001b7d476c800 JavaThread "jar transforms Thread 3" [_thread_blocked, id=34796, stack(0x0000008402900000,0x0000008402a00000)]
  0x000001b7d476d800 JavaThread "jar transforms Thread 4" [_thread_blocked, id=34800, stack(0x0000008402a00000,0x0000008402b00000)]
  0x000001b7d476e800 JavaThread "jar transforms Thread 5" [_thread_blocked, id=34572, stack(0x0000008402b00000,0x0000008402c00000)]
  0x000001b7d4768800 JavaThread "jar transforms Thread 6" [_thread_blocked, id=34672, stack(0x0000008402c00000,0x0000008402d00000)]

Other Threads:
  0x000001b7cfd3c800 VMThread "VM Thread" [stack: 0x000000847fb00000,0x000000847fc00000] [id=33088]
  0x000001b7d0863000 WatcherThread [stack: 0x0000008400500000,0x0000008400600000] [id=15168]
  0x000001b7ae87b000 GCTaskThread "GC Thread#0" [stack: 0x000000847f600000,0x000000847f700000] [id=17716]
  0x000001b7d1575000 GCTaskThread "GC Thread#1" [stack: 0x0000008400600000,0x0000008400700000] [id=14320]
  0x000001b7d2a10800 GCTaskThread "GC Thread#2" [stack: 0x0000008401100000,0x0000008401200000] [id=33904]
  0x000001b7d164a800 GCTaskThread "GC Thread#3" [stack: 0x0000008401200000,0x0000008401300000] [id=33908]
  0x000001b7d164b000 GCTaskThread "GC Thread#4" [stack: 0x0000008401300000,0x0000008401400000] [id=33912]
  0x000001b7d298e000 GCTaskThread "GC Thread#5" [stack: 0x0000008401400000,0x0000008401500000] [id=33916]
  0x000001b7d298e800 GCTaskThread "GC Thread#6" [stack: 0x0000008401500000,0x0000008401600000] [id=33920]
  0x000001b7d289a000 GCTaskThread "GC Thread#7" [stack: 0x0000008401600000,0x0000008401700000] [id=33924]
  0x000001b7d289b000 GCTaskThread "GC Thread#8" [stack: 0x0000008401700000,0x0000008401800000] [id=33928]
  0x000001b7d1ced800 GCTaskThread "GC Thread#9" [stack: 0x0000008401800000,0x0000008401900000] [id=33932]
  0x000001b7ae8ac000 ConcurrentGCThread "G1 Main Marker" [stack: 0x000000847f700000,0x000000847f800000] [id=13252]
  0x000001b7ae8ae000 ConcurrentGCThread "G1 Conc#0" [stack: 0x000000847f800000,0x000000847f900000] [id=2632]
  0x000001b7d2ac8000 ConcurrentGCThread "G1 Conc#1" [stack: 0x0000008401b00000,0x0000008401c00000] [id=33952]
  0x000001b7d2ac8800 ConcurrentGCThread "G1 Conc#2" [stack: 0x0000008401c00000,0x0000008401d00000] [id=33956]
  0x000001b7cfbaa800 ConcurrentGCThread "G1 Refine#0" [stack: 0x000000847f900000,0x000000847fa00000] [id=31792]
  0x000001b7cfbad800 ConcurrentGCThread "G1 Young RemSet Sampling" [stack: 0x000000847fa00000,0x000000847fb00000] [id=30452]

Threads with active compile tasks:
C2 CompilerThread0     6244 3674       4       java.util.AbstractCollection::addAll (42 bytes)
C1 CompilerThread0     6244 3712       3       org.codehaus.groovy.runtime.metaclass.MetaMethodIndex::getHeader (38 bytes)

VM state:not at safepoint (normal execution)

VM Mutex/Monitor currently owned by a thread: None

Heap address: 0x0000000080000000, size: 2048 MB, Compressed Oops mode: 32-bit
Narrow klass base: 0x0000000000000000, Narrow klass shift: 3
Compressed class space size: 528482304 Address: 0x0000000100000000

Heap:
 garbage-first heap   total 145408K, used 36314K [0x0000000080000000, 0x0000000100000000)
  region size 1024K, 16 young (16384K), 8 survivors (8192K)
 Metaspace       used 41423K, capacity 42540K, committed 42652K, reserved 555008K
  class space    used 5222K, capacity 5639K, committed 5708K, reserved 516096K
Heap Regions: E=young(eden), S=young(survivor), O=old, HS=humongous(starts), HC=humongous(continues), CS=collection set, F=free, A=archive, TAMS=top-at-mark-start (previous, next)
|   0|0x0000000080000000, 0x0000000080100000, 0x0000000080100000|100%|HS|  |TAMS 0x0000000080100000, 0x0000000080000000| Complete 
|   1|0x0000000080100000, 0x0000000080200000, 0x0000000080200000|100%|HC|  |TAMS 0x0000000080200000, 0x0000000080100000| Complete 
|   2|0x0000000080200000, 0x0000000080300000, 0x0000000080300000|100%|HC|  |TAMS 0x0000000080300000, 0x0000000080200000| Complete 
|   3|0x0000000080300000, 0x0000000080400000, 0x0000000080400000|100%|HC|  |TAMS 0x0000000080400000, 0x0000000080300000| Complete 
|   4|0x0000000080400000, 0x0000000080500000, 0x0000000080500000|100%| O|  |TAMS 0x0000000080500000, 0x0000000080400000| Untracked 
|   5|0x0000000080500000, 0x0000000080600000, 0x0000000080600000|100%| O|  |TAMS 0x0000000080600000, 0x0000000080500000| Untracked 
|   6|0x0000000080600000, 0x0000000080700000, 0x0000000080700000|100%| O|  |TAMS 0x0000000080700000, 0x0000000080600000| Untracked 
|   7|0x0000000080700000, 0x0000000080800000, 0x0000000080800000|100%| O|  |TAMS 0x0000000080800000, 0x0000000080700000| Untracked 
|   8|0x0000000080800000, 0x0000000080900000, 0x0000000080900000|100%| O|  |TAMS 0x0000000080900000, 0x0000000080800000| Untracked 
|   9|0x0000000080900000, 0x0000000080a00000, 0x0000000080a00000|100%| O|  |TAMS 0x0000000080a00000, 0x0000000080900000| Untracked 
|  10|0x0000000080a00000, 0x0000000080b00000, 0x0000000080b00000|100%| O|  |TAMS 0x0000000080b00000, 0x0000000080a00000| Untracked 
|  11|0x0000000080b00000, 0x0000000080c00000, 0x0000000080c00000|100%| O|  |TAMS 0x0000000080c00000, 0x0000000080b00000| Untracked 
|  12|0x0000000080c00000, 0x0000000080d00000, 0x0000000080d00000|100%| O|  |TAMS 0x0000000080d00000, 0x0000000080c00000| Untracked 
|  13|0x0000000080d00000, 0x0000000080e00000, 0x0000000080e00000|100%| O|  |TAMS 0x0000000080e00000, 0x0000000080d00000| Untracked 
|  14|0x0000000080e00000, 0x0000000080f00000, 0x0000000080f00000|100%| O|  |TAMS 0x0000000080f00000, 0x0000000080e00000| Untracked 
|  15|0x0000000080f00000, 0x0000000081000000, 0x0000000081000000|100%| O|  |TAMS 0x0000000081000000, 0x0000000080f00000| Untracked 
|  16|0x0000000081000000, 0x0000000081100000, 0x0000000081100000|100%| O|  |TAMS 0x0000000081100000, 0x0000000081000000| Untracked 
|  17|0x0000000081100000, 0x0000000081200000, 0x0000000081200000|100%| O|  |TAMS 0x0000000081168c00, 0x0000000081100000| Untracked 
|  18|0x0000000081200000, 0x0000000081200000, 0x0000000081300000|  0%| F|  |TAMS 0x0000000081200000, 0x0000000081200000| Untracked 
|  19|0x0000000081300000, 0x0000000081300000, 0x0000000081400000|  0%| F|  |TAMS 0x0000000081300000, 0x0000000081300000| Untracked 
|  20|0x0000000081400000, 0x0000000081400000, 0x0000000081500000|  0%| F|  |TAMS 0x0000000081400000, 0x0000000081400000| Untracked 
|  21|0x0000000081500000, 0x0000000081600000, 0x0000000081600000|100%| O|  |TAMS 0x0000000081500000, 0x0000000081500000| Untracked 
|  22|0x0000000081600000, 0x0000000081700000, 0x0000000081700000|100%| O|  |TAMS 0x0000000081600000, 0x0000000081600000| Untracked 
|  23|0x0000000081700000, 0x0000000081776800, 0x0000000081800000| 46%| O|  |TAMS 0x0000000081700000, 0x0000000081700000| Untracked 
|  24|0x0000000081800000, 0x0000000081800000, 0x0000000081900000|  0%| F|  |TAMS 0x0000000081800000, 0x0000000081800000| Untracked 
|  25|0x0000000081900000, 0x0000000081900000, 0x0000000081a00000|  0%| F|  |TAMS 0x0000000081900000, 0x0000000081900000| Untracked 
|  26|0x0000000081a00000, 0x0000000081a00000, 0x0000000081b00000|  0%| F|  |TAMS 0x0000000081a00000, 0x0000000081a00000| Untracked 
|  27|0x0000000081b00000, 0x0000000081b00000, 0x0000000081c00000|  0%| F|  |TAMS 0x0000000081b00000, 0x0000000081b00000| Untracked 
|  28|0x0000000081c00000, 0x0000000081c00000, 0x0000000081d00000|  0%| F|  |TAMS 0x0000000081c00000, 0x0000000081c00000| Untracked 
|  29|0x0000000081d00000, 0x0000000081d00000, 0x0000000081e00000|  0%| F|  |TAMS 0x0000000081d00000, 0x0000000081d00000| Untracked 
|  30|0x0000000081e00000, 0x0000000081e00000, 0x0000000081f00000|  0%| F|  |TAMS 0x0000000081e00000, 0x0000000081e00000| Untracked 
|  31|0x0000000081f00000, 0x0000000081f00000, 0x0000000082000000|  0%| F|  |TAMS 0x0000000081f00000, 0x0000000081f00000| Untracked 
|  32|0x0000000082000000, 0x0000000082000000, 0x0000000082100000|  0%| F|  |TAMS 0x0000000082000000, 0x0000000082000000| Untracked 
|  33|0x0000000082100000, 0x0000000082100000, 0x0000000082200000|  0%| F|  |TAMS 0x0000000082100000, 0x0000000082100000| Untracked 
|  34|0x0000000082200000, 0x0000000082200000, 0x0000000082300000|  0%| F|  |TAMS 0x0000000082200000, 0x0000000082200000| Untracked 
|  35|0x0000000082300000, 0x0000000082300000, 0x0000000082400000|  0%| F|  |TAMS 0x0000000082300000, 0x0000000082300000| Untracked 
|  36|0x0000000082400000, 0x0000000082400000, 0x0000000082500000|  0%| F|  |TAMS 0x0000000082400000, 0x0000000082400000| Untracked 
|  37|0x0000000082500000, 0x0000000082500000, 0x0000000082600000|  0%| F|  |TAMS 0x0000000082500000, 0x0000000082500000| Untracked 
|  38|0x0000000082600000, 0x0000000082600000, 0x0000000082700000|  0%| F|  |TAMS 0x0000000082600000, 0x0000000082600000| Untracked 
|  39|0x0000000082700000, 0x0000000082700000, 0x0000000082800000|  0%| F|  |TAMS 0x0000000082700000, 0x0000000082700000| Untracked 
|  40|0x0000000082800000, 0x0000000082800000, 0x0000000082900000|  0%| F|  |TAMS 0x0000000082800000, 0x0000000082800000| Untracked 
|  41|0x0000000082900000, 0x0000000082900000, 0x0000000082a00000|  0%| F|  |TAMS 0x0000000082900000, 0x0000000082900000| Untracked 
|  42|0x0000000082a00000, 0x0000000082a00000, 0x0000000082b00000|  0%| F|  |TAMS 0x0000000082a00000, 0x0000000082a00000| Untracked 
|  43|0x0000000082b00000, 0x0000000082b00000, 0x0000000082c00000|  0%| F|  |TAMS 0x0000000082b00000, 0x0000000082b00000| Untracked 
|  44|0x0000000082c00000, 0x0000000082c00000, 0x0000000082d00000|  0%| F|  |TAMS 0x0000000082c00000, 0x0000000082c00000| Untracked 
|  45|0x0000000082d00000, 0x0000000082d00000, 0x0000000082e00000|  0%| F|  |TAMS 0x0000000082d00000, 0x0000000082d00000| Untracked 
|  46|0x0000000082e00000, 0x0000000082e00000, 0x0000000082f00000|  0%| F|  |TAMS 0x0000000082e00000, 0x0000000082e00000| Untracked 
|  47|0x0000000082f00000, 0x0000000082f00000, 0x0000000083000000|  0%| F|  |TAMS 0x0000000082f00000, 0x0000000082f00000| Untracked 
|  48|0x0000000083000000, 0x0000000083000000, 0x0000000083100000|  0%| F|  |TAMS 0x0000000083000000, 0x0000000083000000| Untracked 
|  49|0x0000000083100000, 0x0000000083200000, 0x0000000083200000|100%| S|CS|TAMS 0x0000000083100000, 0x0000000083100000| Complete 
|  50|0x0000000083200000, 0x0000000083300000, 0x0000000083300000|100%| S|CS|TAMS 0x0000000083200000, 0x0000000083200000| Complete 
|  51|0x0000000083300000, 0x0000000083400000, 0x0000000083400000|100%| S|CS|TAMS 0x0000000083300000, 0x0000000083300000| Complete 
|  52|0x0000000083400000, 0x0000000083500000, 0x0000000083500000|100%| S|CS|TAMS 0x0000000083400000, 0x0000000083400000| Complete 
|  53|0x0000000083500000, 0x0000000083600000, 0x0000000083600000|100%| S|CS|TAMS 0x0000000083500000, 0x0000000083500000| Complete 
|  54|0x0000000083600000, 0x0000000083700000, 0x0000000083700000|100%| S|CS|TAMS 0x0000000083600000, 0x0000000083600000| Complete 
|  55|0x0000000083700000, 0x0000000083800000, 0x0000000083800000|100%| S|CS|TAMS 0x0000000083700000, 0x0000000083700000| Complete 
|  56|0x0000000083800000, 0x0000000083900000, 0x0000000083900000|100%| S|CS|TAMS 0x0000000083800000, 0x0000000083800000| Complete 
|  57|0x0000000083900000, 0x0000000083900000, 0x0000000083a00000|  0%| F|  |TAMS 0x0000000083900000, 0x0000000083900000| Untracked 
|  58|0x0000000083a00000, 0x0000000083a00000, 0x0000000083b00000|  0%| F|  |TAMS 0x0000000083a00000, 0x0000000083a00000| Untracked 
|  59|0x0000000083b00000, 0x0000000083b00000, 0x0000000083c00000|  0%| F|  |TAMS 0x0000000083b00000, 0x0000000083b00000| Untracked 
|  60|0x0000000083c00000, 0x0000000083c00000, 0x0000000083d00000|  0%| F|  |TAMS 0x0000000083c00000, 0x0000000083c00000| Untracked 
|  61|0x0000000083d00000, 0x0000000083d00000, 0x0000000083e00000|  0%| F|  |TAMS 0x0000000083d00000, 0x0000000083d00000| Untracked 
|  62|0x0000000083e00000, 0x0000000083e00000, 0x0000000083f00000|  0%| F|  |TAMS 0x0000000083e00000, 0x0000000083e00000| Untracked 
|  63|0x0000000083f00000, 0x0000000083f00000, 0x0000000084000000|  0%| F|  |TAMS 0x0000000083f00000, 0x0000000083f00000| Untracked 
|  64|0x0000000084000000, 0x0000000084000000, 0x0000000084100000|  0%| F|  |TAMS 0x0000000084000000, 0x0000000084000000| Untracked 
|  65|0x0000000084100000, 0x0000000084100000, 0x0000000084200000|  0%| F|  |TAMS 0x0000000084100000, 0x0000000084100000| Untracked 
|  66|0x0000000084200000, 0x0000000084200000, 0x0000000084300000|  0%| F|  |TAMS 0x0000000084200000, 0x0000000084200000| Untracked 
|  67|0x0000000084300000, 0x0000000084300000, 0x0000000084400000|  0%| F|  |TAMS 0x0000000084300000, 0x0000000084300000| Untracked 
|  68|0x0000000084400000, 0x0000000084400000, 0x0000000084500000|  0%| F|  |TAMS 0x0000000084400000, 0x0000000084400000| Untracked 
|  69|0x0000000084500000, 0x0000000084500000, 0x0000000084600000|  0%| F|  |TAMS 0x0000000084500000, 0x0000000084500000| Untracked 
|  70|0x0000000084600000, 0x0000000084600000, 0x0000000084700000|  0%| F|  |TAMS 0x0000000084600000, 0x0000000084600000| Untracked 
|  71|0x0000000084700000, 0x0000000084700000, 0x0000000084800000|  0%| F|  |TAMS 0x0000000084700000, 0x0000000084700000| Untracked 
|  72|0x0000000084800000, 0x0000000084800000, 0x0000000084900000|  0%| F|  |TAMS 0x0000000084800000, 0x0000000084800000| Untracked 
|  73|0x0000000084900000, 0x0000000084900000, 0x0000000084a00000|  0%| F|  |TAMS 0x0000000084900000, 0x0000000084900000| Untracked 
|  74|0x0000000084a00000, 0x0000000084a00000, 0x0000000084b00000|  0%| F|  |TAMS 0x0000000084a00000, 0x0000000084a00000| Untracked 
|  75|0x0000000084b00000, 0x0000000084b00000, 0x0000000084c00000|  0%| F|  |TAMS 0x0000000084b00000, 0x0000000084b00000| Untracked 
|  76|0x0000000084c00000, 0x0000000084c00000, 0x0000000084d00000|  0%| F|  |TAMS 0x0000000084c00000, 0x0000000084c00000| Untracked 
|  77|0x0000000084d00000, 0x0000000084d00000, 0x0000000084e00000|  0%| F|  |TAMS 0x0000000084d00000, 0x0000000084d00000| Untracked 
|  78|0x0000000084e00000, 0x0000000084e00000, 0x0000000084f00000|  0%| F|  |TAMS 0x0000000084e00000, 0x0000000084e00000| Untracked 
|  79|0x0000000084f00000, 0x0000000084f00000, 0x0000000085000000|  0%| F|  |TAMS 0x0000000084f00000, 0x0000000084f00000| Untracked 
|  80|0x0000000085000000, 0x0000000085000000, 0x0000000085100000|  0%| F|  |TAMS 0x0000000085000000, 0x0000000085000000| Untracked 
|  81|0x0000000085100000, 0x0000000085100000, 0x0000000085200000|  0%| F|  |TAMS 0x0000000085100000, 0x0000000085100000| Untracked 
|  82|0x0000000085200000, 0x0000000085200000, 0x0000000085300000|  0%| F|  |TAMS 0x0000000085200000, 0x0000000085200000| Untracked 
|  83|0x0000000085300000, 0x0000000085300000, 0x0000000085400000|  0%| F|  |TAMS 0x0000000085300000, 0x0000000085300000| Untracked 
|  84|0x0000000085400000, 0x0000000085400000, 0x0000000085500000|  0%| F|  |TAMS 0x0000000085400000, 0x0000000085400000| Untracked 
|  85|0x0000000085500000, 0x0000000085500000, 0x0000000085600000|  0%| F|  |TAMS 0x0000000085500000, 0x0000000085500000| Untracked 
|  86|0x0000000085600000, 0x0000000085600000, 0x0000000085700000|  0%| F|  |TAMS 0x0000000085600000, 0x0000000085600000| Untracked 
|  87|0x0000000085700000, 0x0000000085700000, 0x0000000085800000|  0%| F|  |TAMS 0x0000000085700000, 0x0000000085700000| Untracked 
|  88|0x0000000085800000, 0x0000000085800000, 0x0000000085900000|  0%| F|  |TAMS 0x0000000085800000, 0x0000000085800000| Untracked 
|  89|0x0000000085900000, 0x0000000085900000, 0x0000000085a00000|  0%| F|  |TAMS 0x0000000085900000, 0x0000000085900000| Untracked 
|  90|0x0000000085a00000, 0x0000000085a00000, 0x0000000085b00000|  0%| F|  |TAMS 0x0000000085a00000, 0x0000000085a00000| Untracked 
|  91|0x0000000085b00000, 0x0000000085b00000, 0x0000000085c00000|  0%| F|  |TAMS 0x0000000085b00000, 0x0000000085b00000| Untracked 
|  92|0x0000000085c00000, 0x0000000085c00000, 0x0000000085d00000|  0%| F|  |TAMS 0x0000000085c00000, 0x0000000085c00000| Untracked 
|  93|0x0000000085d00000, 0x0000000085d00000, 0x0000000085e00000|  0%| F|  |TAMS 0x0000000085d00000, 0x0000000085d00000| Untracked 
|  94|0x0000000085e00000, 0x0000000085e00000, 0x0000000085f00000|  0%| F|  |TAMS 0x0000000085e00000, 0x0000000085e00000| Untracked 
|  95|0x0000000085f00000, 0x0000000085f00000, 0x0000000086000000|  0%| F|  |TAMS 0x0000000085f00000, 0x0000000085f00000| Untracked 
|  96|0x0000000086000000, 0x0000000086000000, 0x0000000086100000|  0%| F|  |TAMS 0x0000000086000000, 0x0000000086000000| Untracked 
|  97|0x0000000086100000, 0x0000000086100000, 0x0000000086200000|  0%| F|  |TAMS 0x0000000086100000, 0x0000000086100000| Untracked 
|  98|0x0000000086200000, 0x0000000086200000, 0x0000000086300000|  0%| F|  |TAMS 0x0000000086200000, 0x0000000086200000| Untracked 
|  99|0x0000000086300000, 0x0000000086300000, 0x0000000086400000|  0%| F|  |TAMS 0x0000000086300000, 0x0000000086300000| Untracked 
| 100|0x0000000086400000, 0x0000000086400000, 0x0000000086500000|  0%| F|  |TAMS 0x0000000086400000, 0x0000000086400000| Untracked 
| 101|0x0000000086500000, 0x0000000086500000, 0x0000000086600000|  0%| F|  |TAMS 0x0000000086500000, 0x0000000086500000| Untracked 
| 102|0x0000000086600000, 0x0000000086600000, 0x0000000086700000|  0%| F|  |TAMS 0x0000000086600000, 0x0000000086600000| Untracked 
| 103|0x0000000086700000, 0x0000000086700000, 0x0000000086800000|  0%| F|  |TAMS 0x0000000086700000, 0x0000000086700000| Untracked 
| 104|0x0000000086800000, 0x0000000086800000, 0x0000000086900000|  0%| F|  |TAMS 0x0000000086800000, 0x0000000086800000| Untracked 
| 105|0x0000000086900000, 0x0000000086900000, 0x0000000086a00000|  0%| F|  |TAMS 0x0000000086900000, 0x0000000086900000| Untracked 
| 106|0x0000000086a00000, 0x0000000086a00000, 0x0000000086b00000|  0%| F|  |TAMS 0x0000000086a00000, 0x0000000086a00000| Untracked 
| 107|0x0000000086b00000, 0x0000000086b00000, 0x0000000086c00000|  0%| F|  |TAMS 0x0000000086b00000, 0x0000000086b00000| Untracked 
| 108|0x0000000086c00000, 0x0000000086c00000, 0x0000000086d00000|  0%| F|  |TAMS 0x0000000086c00000, 0x0000000086c00000| Untracked 
| 109|0x0000000086d00000, 0x0000000086d00000, 0x0000000086e00000|  0%| F|  |TAMS 0x0000000086d00000, 0x0000000086d00000| Untracked 
| 110|0x0000000086e00000, 0x0000000086e00000, 0x0000000086f00000|  0%| F|  |TAMS 0x0000000086e00000, 0x0000000086e00000| Untracked 
| 111|0x0000000086f00000, 0x0000000086f00000, 0x0000000087000000|  0%| F|  |TAMS 0x0000000086f00000, 0x0000000086f00000| Untracked 
| 112|0x0000000087000000, 0x0000000087000000, 0x0000000087100000|  0%| F|  |TAMS 0x0000000087000000, 0x0000000087000000| Untracked 
| 113|0x0000000087100000, 0x0000000087100000, 0x0000000087200000|  0%| F|  |TAMS 0x0000000087100000, 0x0000000087100000| Untracked 
| 114|0x0000000087200000, 0x0000000087200000, 0x0000000087300000|  0%| F|  |TAMS 0x0000000087200000, 0x0000000087200000| Untracked 
| 115|0x0000000087300000, 0x0000000087300000, 0x0000000087400000|  0%| F|  |TAMS 0x0000000087300000, 0x0000000087300000| Untracked 
| 116|0x0000000087400000, 0x0000000087400000, 0x0000000087500000|  0%| F|  |TAMS 0x0000000087400000, 0x0000000087400000| Untracked 
| 117|0x0000000087500000, 0x0000000087500000, 0x0000000087600000|  0%| F|  |TAMS 0x0000000087500000, 0x0000000087500000| Untracked 
| 118|0x0000000087600000, 0x0000000087600000, 0x0000000087700000|  0%| F|  |TAMS 0x0000000087600000, 0x0000000087600000| Untracked 
| 119|0x0000000087700000, 0x0000000087700000, 0x0000000087800000|  0%| F|  |TAMS 0x0000000087700000, 0x0000000087700000| Untracked 
| 120|0x0000000087800000, 0x0000000087800000, 0x0000000087900000|  0%| F|  |TAMS 0x0000000087800000, 0x0000000087800000| Untracked 
| 121|0x0000000087900000, 0x0000000087900000, 0x0000000087a00000|  0%| F|  |TAMS 0x0000000087900000, 0x0000000087900000| Untracked 
| 122|0x0000000087a00000, 0x0000000087a00000, 0x0000000087b00000|  0%| F|  |TAMS 0x0000000087a00000, 0x0000000087a00000| Untracked 
| 123|0x0000000087b00000, 0x0000000087b00000, 0x0000000087c00000|  0%| F|  |TAMS 0x0000000087b00000, 0x0000000087b00000| Untracked 
| 124|0x0000000087c00000, 0x0000000087c00000, 0x0000000087d00000|  0%| F|  |TAMS 0x0000000087c00000, 0x0000000087c00000| Untracked 
| 125|0x0000000087d00000, 0x0000000087d00000, 0x0000000087e00000|  0%| F|  |TAMS 0x0000000087d00000, 0x0000000087d00000| Untracked 
| 126|0x0000000087e00000, 0x0000000087e00000, 0x0000000087f00000|  0%| F|  |TAMS 0x0000000087e00000, 0x0000000087e00000| Untracked 
| 127|0x0000000087f00000, 0x0000000087f00000, 0x0000000088000000|  0%| F|  |TAMS 0x0000000087f00000, 0x0000000087f00000| Untracked 
| 128|0x0000000088000000, 0x0000000088000000, 0x0000000088100000|  0%| F|  |TAMS 0x0000000088000000, 0x0000000088000000| Untracked 
| 129|0x0000000088100000, 0x0000000088100000, 0x0000000088200000|  0%| F|  |TAMS 0x0000000088100000, 0x0000000088100000| Untracked 
| 130|0x0000000088200000, 0x0000000088200000, 0x0000000088300000|  0%| F|  |TAMS 0x0000000088200000, 0x0000000088200000| Untracked 
| 131|0x0000000088300000, 0x0000000088300000, 0x0000000088400000|  0%| F|  |TAMS 0x0000000088300000, 0x0000000088300000| Untracked 
| 132|0x0000000088400000, 0x0000000088400000, 0x0000000088500000|  0%| F|  |TAMS 0x0000000088400000, 0x0000000088400000| Untracked 
| 133|0x0000000088500000, 0x0000000088500000, 0x0000000088600000|  0%| F|  |TAMS 0x0000000088500000, 0x0000000088500000| Untracked 
| 134|0x0000000088600000, 0x0000000088700000, 0x0000000088700000|100%| E|  |TAMS 0x0000000088600000, 0x0000000088600000| Complete 
| 135|0x0000000088700000, 0x0000000088800000, 0x0000000088800000|100%| E|CS|TAMS 0x0000000088700000, 0x0000000088700000| Complete 
| 136|0x0000000088800000, 0x0000000088900000, 0x0000000088900000|100%| E|CS|TAMS 0x0000000088800000, 0x0000000088800000| Complete 
| 137|0x0000000088900000, 0x0000000088a00000, 0x0000000088a00000|100%| E|CS|TAMS 0x0000000088900000, 0x0000000088900000| Complete 
| 138|0x0000000088a00000, 0x0000000088b00000, 0x0000000088b00000|100%| E|CS|TAMS 0x0000000088a00000, 0x0000000088a00000| Complete 
| 139|0x0000000088b00000, 0x0000000088c00000, 0x0000000088c00000|100%| E|CS|TAMS 0x0000000088b00000, 0x0000000088b00000| Complete 
| 140|0x0000000088c00000, 0x0000000088d00000, 0x0000000088d00000|100%| E|CS|TAMS 0x0000000088c00000, 0x0000000088c00000| Complete 
| 141|0x0000000088d00000, 0x0000000088e00000, 0x0000000088e00000|100%| E|CS|TAMS 0x0000000088d00000, 0x0000000088d00000| Complete 

Card table byte_map: [0x000001b7c8840000,0x000001b7c8c40000] _byte_map_base: 0x000001b7c8440000

Marking Bits (Prev, Next): (CMBitMap*) 0x000001b7ae8a3108, (CMBitMap*) 0x000001b7ae8a3140
 Prev Bits: [0x000001b7c9040000, 0x000001b7cb040000)
 Next Bits: [0x000001b7cb040000, 0x000001b7cd040000)

Polling page: 0x000001b7ae930000

Metaspace:

Usage:
  Non-class:     36.04 MB capacity,    35.37 MB ( 98%) used,   577.72 KB (  2%) free+waste,   109.19 KB ( <1%) overhead. 
      Class:      5.51 MB capacity,     5.10 MB ( 93%) used,   360.23 KB (  6%) free+waste,    53.19 KB ( <1%) overhead. 
       Both:     41.54 MB capacity,    40.47 MB ( 97%) used,   937.95 KB (  2%) free+waste,   162.38 KB ( <1%) overhead. 

Virtual space:
  Non-class space:       38.00 MB reserved,      36.08 MB ( 95%) committed 
      Class space:      504.00 MB reserved,       5.57 MB (  1%) committed 
             Both:      542.00 MB reserved,      41.65 MB (  8%) committed 

Chunk freelists:
   Non-Class:  43.00 KB
       Class:  25.00 KB
        Both:  68.00 KB

MaxMetaspaceSize: 512.00 MB
CompressedClassSpaceSize: 504.00 MB
Initial GC threshold: 20.80 MB
Current GC threshold: 59.00 MB
CDS: off

CodeHeap 'non-profiled nmethods': size=120000Kb used=1630Kb max_used=1630Kb free=118369Kb
 bounds [0x000001b7c0290000, 0x000001b7c0500000, 0x000001b7c77c0000]
CodeHeap 'profiled nmethods': size=120000Kb used=7672Kb max_used=7672Kb free=112327Kb
 bounds [0x000001b7b8d60000, 0x000001b7b94e0000, 0x000001b7c0290000]
CodeHeap 'non-nmethods': size=5760Kb used=2277Kb max_used=2308Kb free=3483Kb
 bounds [0x000001b7b87c0000, 0x000001b7b8a30000, 0x000001b7b8d60000]
 total_blobs=4444 nmethods=3673 adapters=683
 compilation: enabled
              stopped_count=0, restarted_count=0
 full_count=0

Compilation events (20 events):
Event: 6.195 Thread 0x000001b7cfd64000 3674       4       java.util.AbstractCollection::addAll (42 bytes)
Event: 6.198 Thread 0x000001b7cfd6c800 3680       3       sun.reflect.generics.reflectiveObjects.ParameterizedTypeImpl::validateConstructorArguments (44 bytes)
Event: 6.199 Thread 0x000001b7cfd6c800 nmethod 3680 0x000001b7b94cdd10 code [0x000001b7b94cdf40, 0x000001b7b94ce6f8]
Event: 6.199 Thread 0x000001b7cfd6c800 3682       3       sun.reflect.generics.parser.SignatureParser::parseTypeArguments (109 bytes)
Event: 6.200 Thread 0x000001b7cfd6c800 nmethod 3682 0x000001b7b94ce990 code [0x000001b7b94ceca0, 0x000001b7b94cfca8]
Event: 6.200 Thread 0x000001b7cfd6c800 3683       3       sun.reflect.generics.repository.ConstructorRepository::getParameterTypes (27 bytes)
Event: 6.200 Thread 0x000001b7cfd6c800 nmethod 3683 0x000001b7b94d0290 code [0x000001b7b94d0460, 0x000001b7b94d07f8]
Event: 6.200 Thread 0x000001b7cfd6c800 3681       3       java.lang.reflect.Type::getTypeName (5 bytes)
Event: 6.200 Thread 0x000001b7cfd6c800 nmethod 3681 0x000001b7b94d0910 code [0x000001b7b94d0ac0, 0x000001b7b94d0c68]
Event: 6.200 Thread 0x000001b7cfd6c800 3684       1       sun.reflect.generics.tree.TypeVariableSignature::getIdentifier (5 bytes)
Event: 6.200 Thread 0x000001b7cfd6c800 nmethod 3684 0x000001b7c0426a90 code [0x000001b7c0426c40, 0x000001b7c0426cf8]
Event: 6.200 Thread 0x000001b7cfd6c800 3685       1       sun.reflect.generics.factory.CoreReflectionFactory::getScope (5 bytes)
Event: 6.200 Thread 0x000001b7cfd6c800 nmethod 3685 0x000001b7c0426d90 code [0x000001b7c0426f40, 0x000001b7c0426ff8]
Event: 6.200 Thread 0x000001b7cfd6c800 3686       1       sun.reflect.generics.tree.MethodTypeSignature::getFormalTypeParameters (5 bytes)
Event: 6.200 Thread 0x000001b7cfd6c800 nmethod 3686 0x000001b7c0427090 code [0x000001b7c0427240, 0x000001b7c04272f8]
Event: 6.206 Thread 0x000001b7cfd6c800 3687       3       org.codehaus.groovy.reflection.CachedClass$1$$Lambda$377/0x00000001004df840::test (8 bytes)
Event: 6.206 Thread 0x000001b7cfd6c800 nmethod 3687 0x000001b7b94d0d10 code [0x000001b7b94d0ee0, 0x000001b7b94d11c8]
Event: 6.206 Thread 0x000001b7cfd6c800 3691       3       org.codehaus.groovy.util.ComplexKeyHashMap::<init> (11 bytes)
Event: 6.207 Thread 0x000001b7cfd6c800 nmethod 3691 0x000001b7b94d1310 code [0x000001b7b94d14e0, 0x000001b7b94d1818]
Event: 6.207 Thread 0x000001b7cfd6c800 3692       3       org.codehaus.groovy.util.ComplexKeyHashMap::init (20 bytes)

GC Heap History (14 events):
Event: 0.625 GC heap before
{Heap before GC invocations=0 (full 0):
 garbage-first heap   total 120832K, used 27648K [0x0000000080000000, 0x0000000100000000)
  region size 1024K, 24 young (24576K), 0 survivors (0K)
 Metaspace       used 10073K, capacity 10336K, committed 10624K, reserved 526336K
  class space    used 1028K, capacity 1105K, committed 1152K, reserved 516096K
}
Event: 0.634 GC heap after
{Heap after GC invocations=1 (full 0):
 garbage-first heap   total 120832K, used 10756K [0x0000000080000000, 0x0000000100000000)
  region size 1024K, 3 young (3072K), 3 survivors (3072K)
 Metaspace       used 10073K, capacity 10336K, committed 10624K, reserved 526336K
  class space    used 1028K, capacity 1105K, committed 1152K, reserved 516096K
}
Event: 2.261 GC heap before
{Heap before GC invocations=1 (full 0):
 garbage-first heap   total 120832K, used 79364K [0x0000000080000000, 0x0000000100000000)
  region size 1024K, 70 young (71680K), 3 survivors (3072K)
 Metaspace       used 17437K, capacity 17825K, committed 18048K, reserved 532480K
  class space    used 2007K, capacity 2114K, committed 2176K, reserved 516096K
}
Event: 2.270 GC heap after
{Heap after GC invocations=2 (full 0):
 garbage-first heap   total 120832K, used 17377K [0x0000000080000000, 0x0000000100000000)
  region size 1024K, 9 young (9216K), 9 survivors (9216K)
 Metaspace       used 17437K, capacity 17825K, committed 18048K, reserved 532480K
  class space    used 2007K, capacity 2114K, committed 2176K, reserved 516096K
}
Event: 2.706 GC heap before
{Heap before GC invocations=2 (full 0):
 garbage-first heap   total 120832K, used 40929K [0x0000000080000000, 0x0000000100000000)
  region size 1024K, 33 young (33792K), 9 survivors (9216K)
 Metaspace       used 20794K, capacity 21206K, committed 21296K, reserved 536576K
  class space    used 2491K, capacity 2654K, committed 2688K, reserved 516096K
}
Event: 2.714 GC heap after
{Heap after GC invocations=3 (full 0):
 garbage-first heap   total 120832K, used 19034K [0x0000000080000000, 0x0000000100000000)
  region size 1024K, 2 young (2048K), 2 survivors (2048K)
 Metaspace       used 20794K, capacity 21206K, committed 21296K, reserved 536576K
  class space    used 2491K, capacity 2654K, committed 2688K, reserved 516096K
}
Event: 3.599 GC heap before
{Heap before GC invocations=4 (full 0):
 garbage-first heap   total 120832K, used 64090K [0x0000000080000000, 0x0000000100000000)
  region size 1024K, 46 young (47104K), 2 survivors (2048K)
 Metaspace       used 24723K, capacity 25400K, committed 25648K, reserved 538624K
  class space    used 3123K, capacity 3351K, committed 3456K, reserved 516096K
}
Event: 3.601 GC heap after
{Heap after GC invocations=5 (full 0):
 garbage-first heap   total 120832K, used 20379K [0x0000000080000000, 0x0000000100000000)
  region size 1024K, 3 young (3072K), 3 survivors (3072K)
 Metaspace       used 24723K, capacity 25400K, committed 25648K, reserved 538624K
  class space    used 3123K, capacity 3351K, committed 3456K, reserved 516096K
}
Event: 4.184 GC heap before
{Heap before GC invocations=5 (full 0):
 garbage-first heap   total 120832K, used 71579K [0x0000000080000000, 0x0000000100000000)
  region size 1024K, 53 young (54272K), 3 survivors (3072K)
 Metaspace       used 29620K, capacity 30414K, committed 30512K, reserved 542720K
  class space    used 3871K, capacity 4179K, committed 4224K, reserved 516096K
}
Event: 4.188 GC heap after
{Heap after GC invocations=6 (full 0):
 garbage-first heap   total 120832K, used 22168K [0x0000000080000000, 0x0000000100000000)
  region size 1024K, 5 young (5120K), 5 survivors (5120K)
 Metaspace       used 29620K, capacity 30414K, committed 30512K, reserved 542720K
  class space    used 3871K, capacity 4179K, committed 4224K, reserved 516096K
}
Event: 4.611 GC heap before
{Heap before GC invocations=6 (full 0):
 garbage-first heap   total 120832K, used 51864K [0x0000000080000000, 0x0000000100000000)
  region size 1024K, 35 young (35840K), 5 survivors (5120K)
 Metaspace       used 35042K, capacity 35853K, committed 35920K, reserved 548864K
  class space    used 4490K, capacity 4845K, committed 4864K, reserved 516096K
}
Event: 4.618 GC heap after
{Heap after GC invocations=7 (full 0):
 garbage-first heap   total 120832K, used 24247K [0x0000000080000000, 0x0000000100000000)
  region size 1024K, 7 young (7168K), 7 survivors (7168K)
 Metaspace       used 35042K, capacity 35853K, committed 35920K, reserved 548864K
  class space    used 4490K, capacity 4845K, committed 4864K, reserved 516096K
}
Event: 6.158 GC heap before
{Heap before GC invocations=8 (full 0):
 garbage-first heap   total 120832K, used 82615K [0x0000000080000000, 0x0000000100000000)
  region size 1024K, 61 young (62464K), 7 survivors (7168K)
 Metaspace       used 40914K, capacity 41968K, committed 42012K, reserved 552960K
  class space    used 5147K, capacity 5552K, committed 5580K, reserved 516096K
}
Event: 6.169 GC heap after
{Heap after GC invocations=9 (full 0):
 garbage-first heap   total 145408K, used 29146K [0x0000000080000000, 0x0000000100000000)
  region size 1024K, 8 young (8192K), 8 survivors (8192K)
 Metaspace       used 40914K, capacity 41968K, committed 42012K, reserved 552960K
  class space    used 5147K, capacity 5552K, committed 5580K, reserved 516096K
}

Deoptimization events (20 events):
Event: 5.960 Thread 0x000001b7d2927800 Uncommon trap: trap_request=0xffffffde fr.pc=0x000001b7c03f0454 relative=0x00000000000001f4
Event: 5.960 Thread 0x000001b7d2927800 Uncommon trap: reason=class_check action=maybe_recompile pc=0x000001b7c03f0454 method=java.util.regex.Pattern$Start.match(Ljava/util/regex/Matcher;ILjava/lang/CharSequence;)Z @ 44 c2
Event: 5.960 Thread 0x000001b7d2927800 DEOPT PACKING pc=0x000001b7c03f0454 sp=0x0000008400df7cc0
Event: 5.960 Thread 0x000001b7d2927800 DEOPT UNPACKING pc=0x000001b7b880a1af sp=0x0000008400df7c80 mode 2
Event: 6.013 Thread 0x000001b7d2927800 Uncommon trap: trap_request=0xffffffbe fr.pc=0x000001b7c04121ec relative=0x000000000000068c
Event: 6.013 Thread 0x000001b7d2927800 Uncommon trap: reason=profile_predicate action=maybe_recompile pc=0x000001b7c04121ec method=java.lang.PublicMethods$MethodList.filter([Ljava/lang/reflect/Method;Ljava/lang/String;[Ljava/lang/Class;Z)Ljava/lang/PublicMethods$MethodList; @ 21 c2
Event: 6.013 Thread 0x000001b7d2927800 DEOPT PACKING pc=0x000001b7c04121ec sp=0x0000008400df9370
Event: 6.013 Thread 0x000001b7d2927800 DEOPT UNPACKING pc=0x000001b7b880a1af sp=0x0000008400df9328 mode 2
Event: 6.189 Thread 0x000001b7d2927800 Uncommon trap: trap_request=0xffffffbe fr.pc=0x000001b7c04121ec relative=0x000000000000068c
Event: 6.189 Thread 0x000001b7d2927800 Uncommon trap: reason=profile_predicate action=maybe_recompile pc=0x000001b7c04121ec method=java.lang.PublicMethods$MethodList.filter([Ljava/lang/reflect/Method;Ljava/lang/String;[Ljava/lang/Class;Z)Ljava/lang/PublicMethods$MethodList; @ 21 c2
Event: 6.189 Thread 0x000001b7d2927800 DEOPT PACKING pc=0x000001b7c04121ec sp=0x0000008400df4470
Event: 6.189 Thread 0x000001b7d2927800 DEOPT UNPACKING pc=0x000001b7b880a1af sp=0x0000008400df4428 mode 2
Event: 6.189 Thread 0x000001b7d2927800 Uncommon trap: trap_request=0xffffffbe fr.pc=0x000001b7c04121ec relative=0x000000000000068c
Event: 6.189 Thread 0x000001b7d2927800 Uncommon trap: reason=profile_predicate action=maybe_recompile pc=0x000001b7c04121ec method=java.lang.PublicMethods$MethodList.filter([Ljava/lang/reflect/Method;Ljava/lang/String;[Ljava/lang/Class;Z)Ljava/lang/PublicMethods$MethodList; @ 21 c2
Event: 6.189 Thread 0x000001b7d2927800 DEOPT PACKING pc=0x000001b7c04121ec sp=0x0000008400df43c0
Event: 6.189 Thread 0x000001b7d2927800 DEOPT UNPACKING pc=0x000001b7b880a1af sp=0x0000008400df4378 mode 2
Event: 6.189 Thread 0x000001b7d2927800 Uncommon trap: trap_request=0xffffffbe fr.pc=0x000001b7c04121ec relative=0x000000000000068c
Event: 6.189 Thread 0x000001b7d2927800 Uncommon trap: reason=profile_predicate action=maybe_recompile pc=0x000001b7c04121ec method=java.lang.PublicMethods$MethodList.filter([Ljava/lang/reflect/Method;Ljava/lang/String;[Ljava/lang/Class;Z)Ljava/lang/PublicMethods$MethodList; @ 21 c2
Event: 6.189 Thread 0x000001b7d2927800 DEOPT PACKING pc=0x000001b7c04121ec sp=0x0000008400df4470
Event: 6.189 Thread 0x000001b7d2927800 DEOPT UNPACKING pc=0x000001b7b880a1af sp=0x0000008400df4428 mode 2

Classes redefined (0 events):
No events

Internal exceptions (20 events):
Event: 5.987 Thread 0x000001b7d2927800 Exception <a 'java/lang/ClassNotFoundException'{0x00000000840e0d20}: java/io/FileBeanInfo> (0x00000000840e0d20) thrown at [./src/hotspot/share/classfile/systemDictionary.cpp, line 230]
Event: 5.987 Thread 0x000001b7d2927800 Exception <a 'java/lang/ClassNotFoundException'{0x00000000840e5108}: java/io/FileCustomizer> (0x00000000840e5108) thrown at [./src/hotspot/share/classfile/systemDictionary.cpp, line 230]
Event: 5.993 Thread 0x000001b7d2927800 Exception <a 'java/lang/ClassNotFoundException'{0x0000000083f75710}: org/gradle/api/internal/plugins/DefaultObjectConfigurationActionBeanInfo> (0x0000000083f75710) thrown at [./src/hotspot/share/classfile/systemDictionary.cpp, line 230]
Event: 5.993 Thread 0x000001b7d2927800 Exception <a 'java/lang/ClassNotFoundException'{0x0000000083fa06a0}: org/gradle/api/internal/plugins/DefaultObjectConfigurationActionCustomizer> (0x0000000083fa06a0) thrown at [./src/hotspot/share/classfile/systemDictionary.cpp, line 230]
Event: 6.033 Thread 0x000001b7d2927800 Exception <a 'java/lang/ClassNotFoundException'{0x0000000083be6480}: autolinking_aqnfcmljiqso9bjz2zruwhhz5BeanInfo> (0x0000000083be6480) thrown at [./src/hotspot/share/classfile/systemDictionary.cpp, line 230]
Event: 6.033 Thread 0x000001b7d2927800 Exception <a 'java/lang/ClassNotFoundException'{0x0000000083bec6e8}: autolinking_aqnfcmljiqso9bjz2zruwhhz5Customizer> (0x0000000083bec6e8) thrown at [./src/hotspot/share/classfile/systemDictionary.cpp, line 230]
Event: 6.151 Thread 0x000001b7d2927800 Exception <a 'java/lang/ClassNotFoundException'{0x000000008396f5d8}: autolinking_implementation_1zw84ikisdosj0ud7xlblpn70BeanInfo> (0x000000008396f5d8) thrown at [./src/hotspot/share/classfile/systemDictionary.cpp, line 230]
Event: 6.151 Thread 0x000001b7d2927800 Exception <a 'java/lang/ClassNotFoundException'{0x0000000083976638}: autolinking_implementation_1zw84ikisdosj0ud7xlblpn70Customizer> (0x0000000083976638) thrown at [./src/hotspot/share/classfile/systemDictionary.cpp, line 230]
Event: 6.157 Thread 0x000001b7d2927800 Exception <a 'java/lang/ClassNotFoundException'{0x00000000839ea988}: groovy/lang/Closure$1BeanInfo> (0x00000000839ea988) thrown at [./src/hotspot/share/classfile/systemDictionary.cpp, line 230]
Event: 6.171 Thread 0x000001b7d2927800 Exception <a 'java/lang/ClassNotFoundException'{0x0000000088d296d0}: groovy/lang/ClosureBeanInfo> (0x0000000088d296d0) thrown at [./src/hotspot/share/classfile/systemDictionary.cpp, line 230]
Event: 6.172 Thread 0x000001b7d2927800 Exception <a 'java/lang/ClassNotFoundException'{0x0000000088d60ad0}: groovy/lang/ClosureCustomizer> (0x0000000088d60ad0) thrown at [./src/hotspot/share/classfile/systemDictionary.cpp, line 230]
Event: 6.175 Thread 0x000001b7d2927800 Exception <a 'java/lang/ClassNotFoundException'{0x0000000088dbb0c8}: groovy/lang/Closure$1Customizer> (0x0000000088dbb0c8) thrown at [./src/hotspot/share/classfile/systemDictionary.cpp, line 230]
Event: 6.188 Thread 0x000001b7d2927800 Exception <a 'java/lang/ClassNotFoundException'{0x0000000088c94ef8}: ExpoAutolinkingManagerBeanInfo> (0x0000000088c94ef8) thrown at [./src/hotspot/share/classfile/systemDictionary.cpp, line 230]
Event: 6.188 Thread 0x000001b7d2927800 Exception <a 'java/lang/ClassNotFoundException'{0x0000000088c9c380}: ExpoAutolinkingManagerCustomizer> (0x0000000088c9c380) thrown at [./src/hotspot/share/classfile/systemDictionary.cpp, line 230]
Event: 6.197 Thread 0x000001b7d2927800 Exception <a 'java/lang/ClassNotFoundException'{0x0000000088b54768}: java/util/LinkedHashMapBeanInfo> (0x0000000088b54768) thrown at [./src/hotspot/share/classfile/systemDictionary.cpp, line 230]
Event: 6.197 Thread 0x000001b7d2927800 Exception <a 'java/lang/ClassNotFoundException'{0x0000000088b59eb0}: java/util/HashMapBeanInfo> (0x0000000088b59eb0) thrown at [./src/hotspot/share/classfile/systemDictionary.cpp, line 230]
Event: 6.197 Thread 0x000001b7d2927800 Exception <a 'java/lang/ClassNotFoundException'{0x0000000088b5f690}: java/util/AbstractMapBeanInfo> (0x0000000088b5f690) thrown at [./src/hotspot/share/classfile/systemDictionary.cpp, line 230]
Event: 6.197 Thread 0x000001b7d2927800 Exception <a 'java/lang/ClassNotFoundException'{0x0000000088b64db0}: java/util/AbstractMapCustomizer> (0x0000000088b64db0) thrown at [./src/hotspot/share/classfile/systemDictionary.cpp, line 230]
Event: 6.198 Thread 0x000001b7d2927800 Exception <a 'java/lang/ClassNotFoundException'{0x0000000088b73bd8}: java/util/HashMapCustomizer> (0x0000000088b73bd8) thrown at [./src/hotspot/share/classfile/systemDictionary.cpp, line 230]
Event: 6.199 Thread 0x000001b7d2927800 Exception <a 'java/lang/ClassNotFoundException'{0x0000000088b90ad0}: java/util/LinkedHashMapCustomizer> (0x0000000088b90ad0) thrown at [./src/hotspot/share/classfile/systemDictionary.cpp, line 230]

Events (20 events):
Event: 6.199 loading class java/util/LinkedHashMapCustomizer
Event: 6.199 loading class java/util/LinkedHashMapCustomizer done
Event: 6.200 loading class org/codehaus/groovy/ast/tools/GeneralUtils
Event: 6.200 loading class org/codehaus/groovy/ast/tools/GeneralUtils done
Event: 6.201 loading class org/codehaus/groovy/ast/stmt/EmptyStatement
Event: 6.201 loading class org/codehaus/groovy/ast/stmt/EmptyStatement done
Event: 6.202 loading class org/codehaus/groovy/ast/expr/AttributeExpression
Event: 6.202 loading class org/codehaus/groovy/ast/expr/AttributeExpression done
Event: 6.202 loading class org/codehaus/groovy/classgen/BytecodeExpression
Event: 6.202 loading class org/codehaus/groovy/classgen/BytecodeExpression done
Event: 6.203 loading class org/codehaus/groovy/ast/tools/GeneralUtils$1
Event: 6.203 loading class org/codehaus/groovy/ast/tools/GeneralUtils$1 done
Event: 6.203 loading class org/codehaus/groovy/syntax/Token
Event: 6.203 loading class org/codehaus/groovy/syntax/Token done
Event: 6.203 loading class org/codehaus/groovy/syntax/CSTNode
Event: 6.203 loading class org/codehaus/groovy/syntax/CSTNode done
Event: 6.204 loading class org/codehaus/groovy/syntax/Types
Event: 6.204 loading class org/codehaus/groovy/syntax/Types done
Event: 6.206 loading class org/codehaus/groovy/runtime/dgm$306
Event: 6.206 loading class org/codehaus/groovy/runtime/dgm$306 done


Dynamic libraries:
0x00007ff6a49a0000 - 0x00007ff6a49ad000 	C:\Program Files\Microsoft\jdk-11.0.18.10-hotspot\bin\java.exe
0x00007ffb73ff0000 - 0x00007ffb74204000 	C:\WINDOWS\SYSTEM32\ntdll.dll
0x00007ffb731d0000 - 0x00007ffb73294000 	C:\WINDOWS\System32\KERNEL32.DLL
0x00007ffb714f0000 - 0x00007ffb71894000 	C:\WINDOWS\System32\KERNELBASE.dll
0x00007ffb713d0000 - 0x00007ffb714e1000 	C:\WINDOWS\System32\ucrtbase.dll
0x00007ffb5c5d0000 - 0x00007ffb5c5e7000 	C:\Program Files\Microsoft\jdk-11.0.18.10-hotspot\bin\jli.dll
0x00007ffb62600000 - 0x00007ffb62615000 	C:\Program Files\Microsoft\jdk-11.0.18.10-hotspot\bin\VCRUNTIME140.dll
0x00007ffb72ea0000 - 0x00007ffb7304a000 	C:\WINDOWS\System32\USER32.dll
0x00007ffb71d80000 - 0x00007ffb71da6000 	C:\WINDOWS\System32\win32u.dll
0x00007ffb70610000 - 0x00007ffb7089f000 	C:\WINDOWS\WinSxS\amd64_microsoft.windows.common-controls_6595b64144ccf1df_6.0.22621.2070_none_2713e6537381f706\COMCTL32.dll
0x00007ffb73f80000 - 0x00007ffb73fa9000 	C:\WINDOWS\System32\GDI32.dll
0x00007ffb734a0000 - 0x00007ffb73547000 	C:\WINDOWS\System32\msvcrt.dll
0x00007ffb71bf0000 - 0x00007ffb71d09000 	C:\WINDOWS\System32\gdi32full.dll
0x00007ffb71b50000 - 0x00007ffb71bea000 	C:\WINDOWS\System32\msvcp_win.dll
0x00007ffb73570000 - 0x00007ffb735a1000 	C:\WINDOWS\System32\IMM32.DLL
0x00007ffb095e0000 - 0x00007ffb0967b000 	C:\Program Files\Microsoft\jdk-11.0.18.10-hotspot\bin\msvcp140.dll
0x00007ffac46f0000 - 0x00007ffac5282000 	C:\Program Files\Microsoft\jdk-11.0.18.10-hotspot\bin\server\jvm.dll
0x00007ffb73120000 - 0x00007ffb731d0000 	C:\WINDOWS\System32\ADVAPI32.dll
0x00007ffb72ca0000 - 0x00007ffb72d46000 	C:\WINDOWS\System32\sechost.dll
0x00007ffb72d50000 - 0x00007ffb72e67000 	C:\WINDOWS\System32\RPCRT4.dll
0x00007ffb72e70000 - 0x00007ffb72e78000 	C:\WINDOWS\System32\PSAPI.DLL
0x00007ffb5ee80000 - 0x00007ffb5ee89000 	C:\WINDOWS\SYSTEM32\WSOCK32.dll
0x00007ffb6dc30000 - 0x00007ffb6dc3a000 	C:\WINDOWS\SYSTEM32\VERSION.dll
0x00007ffb6a5a0000 - 0x00007ffb6a5d4000 	C:\WINDOWS\SYSTEM32\WINMM.dll
0x00007ffb739b0000 - 0x00007ffb73a21000 	C:\WINDOWS\System32\WS2_32.dll
0x00007ffb6fd00000 - 0x00007ffb6fd18000 	C:\WINDOWS\SYSTEM32\kernel.appcore.dll
0x00007ffb6b810000 - 0x00007ffb6b820000 	C:\Program Files\Microsoft\jdk-11.0.18.10-hotspot\bin\verify.dll
0x00007ffb70cd0000 - 0x00007ffb70efe000 	C:\WINDOWS\SYSTEM32\DBGHELP.DLL
0x00007ffb73620000 - 0x00007ffb739aa000 	C:\WINDOWS\System32\combase.dll
0x00007ffb73b30000 - 0x00007ffb73c07000 	C:\WINDOWS\System32\OLEAUT32.dll
0x00007ffb70b70000 - 0x00007ffb70ba2000 	C:\WINDOWS\SYSTEM32\dbgcore.DLL
0x00007ffb718a0000 - 0x00007ffb7191a000 	C:\WINDOWS\System32\bcryptPrimitives.dll
0x00007ffb265e0000 - 0x00007ffb26608000 	C:\Program Files\Microsoft\jdk-11.0.18.10-hotspot\bin\java.dll
0x00007ffb625f0000 - 0x00007ffb625fa000 	C:\Program Files\Microsoft\jdk-11.0.18.10-hotspot\bin\jimage.dll
0x00007ffb56730000 - 0x00007ffb56748000 	C:\Program Files\Microsoft\jdk-11.0.18.10-hotspot\bin\zip.dll
0x00007ffb71db0000 - 0x00007ffb725c6000 	C:\WINDOWS\System32\SHELL32.dll
0x00007ffb6ece0000 - 0x00007ffb6f5ca000 	C:\WINDOWS\SYSTEM32\windows.storage.dll
0x00007ffb6eba0000 - 0x00007ffb6ecde000 	C:\WINDOWS\SYSTEM32\wintypes.dll
0x00007ffb73a30000 - 0x00007ffb73b23000 	C:\WINDOWS\System32\SHCORE.dll
0x00007ffb73440000 - 0x00007ffb7349e000 	C:\WINDOWS\System32\shlwapi.dll
0x00007ffb71300000 - 0x00007ffb71326000 	C:\WINDOWS\SYSTEM32\profapi.dll
0x00007ffb55240000 - 0x00007ffb55259000 	C:\Program Files\Microsoft\jdk-11.0.18.10-hotspot\bin\net.dll
0x00007ffb6a2c0000 - 0x00007ffb6a3f7000 	C:\WINDOWS\SYSTEM32\WINHTTP.dll
0x00007ffb701e0000 - 0x00007ffb70249000 	C:\WINDOWS\system32\mswsock.dll
0x00007ffb53d40000 - 0x00007ffb53d53000 	C:\Program Files\Microsoft\jdk-11.0.18.10-hotspot\bin\nio.dll
0x00007ffb61480000 - 0x00007ffb614a7000 	C:\Users\Jhair\.gradle\native\68d5fa5c4cc2d200863cafc0d521ce42e7d3e7ee720ec0a83991735586a16f82\windows-amd64\native-platform.dll
0x00007ffaf31c0000 - 0x00007ffaf3304000 	C:\Users\Jhair\.gradle\native\e376f236ea51e6404a007f0833ffe2c6e607c4080706a723a18a27aeea778392\windows-amd64\native-platform-file-events.dll
0x00007ffb61470000 - 0x00007ffb61479000 	C:\Program Files\Microsoft\jdk-11.0.18.10-hotspot\bin\management.dll
0x00007ffb61460000 - 0x00007ffb6146b000 	C:\Program Files\Microsoft\jdk-11.0.18.10-hotspot\bin\management_ext.dll
0x00007ffb70ff0000 - 0x00007ffb7100b000 	C:\WINDOWS\SYSTEM32\CRYPTSP.dll
0x00007ffb6fcc0000 - 0x00007ffb6fcf5000 	C:\WINDOWS\system32\rsaenh.dll
0x00007ffb70460000 - 0x00007ffb7048c000 	C:\WINDOWS\SYSTEM32\USERENV.dll
0x00007ffb70ca0000 - 0x00007ffb70cc8000 	C:\WINDOWS\SYSTEM32\bcrypt.dll
0x00007ffb70500000 - 0x00007ffb7050c000 	C:\WINDOWS\SYSTEM32\CRYPTBASE.dll
0x00007ffb6f830000 - 0x00007ffb6f85d000 	C:\WINDOWS\SYSTEM32\IPHLPAPI.DLL
0x00007ffb73550000 - 0x00007ffb73559000 	C:\WINDOWS\System32\NSI.dll
0x00007ffb6a110000 - 0x00007ffb6a129000 	C:\WINDOWS\SYSTEM32\dhcpcsvc6.DLL
0x00007ffb6a0f0000 - 0x00007ffb6a10f000 	C:\WINDOWS\SYSTEM32\dhcpcsvc.DLL
0x00007ffb6f8a0000 - 0x00007ffb6f993000 	C:\WINDOWS\SYSTEM32\DNSAPI.dll

dbghelp: loaded successfully - version: 4.0.5 - missing functions: none
symbol engine: initialized successfully - sym options: 0x614 - pdb path: .;C:\Program Files\Microsoft\jdk-11.0.18.10-hotspot\bin;C:\WINDOWS\SYSTEM32;C:\WINDOWS\WinSxS\amd64_microsoft.windows.common-controls_6595b64144ccf1df_6.0.22621.2070_none_2713e6537381f706;C:\Program Files\Microsoft\jdk-11.0.18.10-hotspot\bin\server;C:\Users\Jhair\.gradle\native\68d5fa5c4cc2d200863cafc0d521ce42e7d3e7ee720ec0a83991735586a16f82\windows-amd64;C:\Users\Jhair\.gradle\native\e376f236ea51e6404a007f0833ffe2c6e607c4080706a723a18a27aeea778392\windows-amd64

VM Arguments:
jvm_args: -XX:MaxMetaspaceSize=512m --add-opens=java.base/java.util=ALL-UNNAMED --add-opens=java.base/java.lang=ALL-UNNAMED --add-opens=java.base/java.lang.invoke=ALL-UNNAMED --add-opens=java.prefs/java.util.prefs=ALL-UNNAMED --add-opens=java.base/java.nio.charset=ALL-UNNAMED --add-opens=java.base/java.net=ALL-UNNAMED --add-opens=java.base/java.util.concurrent.atomic=ALL-UNNAMED -Xmx2048m -Dfile.encoding=windows-1252 -Duser.country=ES -Duser.language=es -Duser.variant 
java_command: org.gradle.launcher.daemon.bootstrap.GradleDaemon 8.0.1
java_class_path (initial): C:\Users\Jhair\.gradle\wrapper\dists\gradle-8.0.1-all\aro4hu1c3oeioove7l0i4i14o\gradle-8.0.1\lib\gradle-launcher-8.0.1.jar
Launcher Type: SUN_STANDARD

[Global flags]
     intx CICompilerCount                          = 4                                         {product} {ergonomic}
   size_t CompressedClassSpaceSize                 = 528482304                                 {product} {ergonomic}
     uint ConcGCThreads                            = 3                                         {product} {ergonomic}
     uint G1ConcRefinementThreads                  = 10                                        {product} {ergonomic}
   size_t G1HeapRegionSize                         = 1048576                                   {product} {ergonomic}
    uintx GCDrainStackTargetSize                   = 64                                        {product} {ergonomic}
   size_t InitialHeapSize                          = 123731968                                 {product} {ergonomic}
   size_t MarkStackSize                            = 4194304                                   {product} {ergonomic}
   size_t MaxHeapSize                              = 2147483648                                {product} {command line}
   size_t MaxMetaspaceSize                         = 536870912                                 {product} {command line}
   size_t MaxNewSize                               = 1287651328                                {product} {ergonomic}
   size_t MinHeapDeltaBytes                        = 1048576                                   {product} {ergonomic}
    uintx NonNMethodCodeHeapSize                   = 5836300                                {pd product} {ergonomic}
    uintx NonProfiledCodeHeapSize                  = 122910970                              {pd product} {ergonomic}
    uintx ProfiledCodeHeapSize                     = 122910970                              {pd product} {ergonomic}
    uintx ReservedCodeCacheSize                    = 251658240                              {pd product} {ergonomic}
     bool SegmentedCodeCache                       = true                                      {product} {ergonomic}
     bool UseCompressedClassPointers               = true                                 {lp64_product} {ergonomic}
     bool UseCompressedOops                        = true                                 {lp64_product} {ergonomic}
     bool UseG1GC                                  = true                                      {product} {ergonomic}
     bool UseLargePagesIndividualAllocation        = false                                  {pd product} {ergonomic}

Logging:
Log output configuration:
 #0: stdout all=warning uptime,level,tags
 #1: stderr all=off uptime,level,tags

Environment Variables:
JAVA_HOME=C:\Program Files\Microsoft\jdk-11.0.18.10-hotspot\
CLASSPATH=C:\Users\Jhair\Desktop\APP\appJheyted\android\\gradle\wrapper\gradle-wrapper.jar
PATH=C:\Users\Jhair\Desktop\APP\appJheyted\node_modules\.bin;C:\Users\Jhair\Desktop\APP\appJheyted\node_modules\.bin;C:\Users\Jhair\Desktop\APP\node_modules\.bin;C:\Users\Jhair\Desktop\node_modules\.bin;C:\Users\Jhair\node_modules\.bin;C:\Users\node_modules\.bin;C:\node_modules\.bin;C:\Users\Jhair\AppData\Roaming\npm\node_modules\npm\node_modules\@npmcli\run-script\lib\node-gyp-bin;C:\Users\Jhair\Desktop\APP\appJheyted\node_modules\.bin;C:\Users\Jhair\Desktop\APP\appJheyted\node_modules\.bin;C:\Users\Jhair\Desktop\APP\node_modules\.bin;C:\Users\Jhair\Desktop\node_modules\.bin;C:\Users\Jhair\node_modules\.bin;C:\Users\node_modules\.bin;C:\node_modules\.bin;C:\Users\Jhair\AppData\Roaming\npm\node_modules\npm\node_modules\@npmcli\run-script\lib\node-gyp-bin;C:\Program Files\Microsoft\jdk-11.0.18.10-hotspot\bin;C:\Program Files\Microsoft\jdk-11.0.12.7-hotspot\bin;C:\Program Files (x86)\Common Files\Oracle\Java\javapath;C:\WINDOWS\system32;C:\WINDOWS;C:\WINDOWS\System32\Wbem;C:\WINDOWS\System32\WindowsPowerShell\v1.0\;C:\WINDOWS\System32\OpenSSH\;C:\Program Files\Microsoft SQL Server\Client SDK\ODBC\170\Tools\Binn\;C:\Program Files (x86)\Microsoft SQL Server\150\Tools\Binn\;C:\Program Files\Microsoft SQL Server\150\Tools\Binn\;C:\Program Files\Microsoft SQL Server\150\DTS\Binn\;C:\Program Files (x86)\Microsoft SQL Server\150\DTS\Binn\;C:\Program Files\dotnet\;C:\Program Files\MATLAB\R2022b\bin;C:\Program Files\Git\cmd;C:\ProgramData\chocolatey\bin;C:\Program Files\nodejs\;C:\xampp\php;C:\ProgramData\ComposerSetup\bin;C:\Users\Jhair\AppData\Local\Programs\Python\Python310\Scripts\;C:\Users\Jhair\AppData\Local\Programs\Python\Python310\;C:\Users\Jhair\AppData\Local\Microsoft\WindowsApps;C:\Users\Jhair\AppData\Local\Programs\Microsoft VS Code\bin;C:\Program Files\Azure Data Studio\bin;C:\src\sqlite-tools-win32-x86-3390400;C:\Users\Jhair\.dotnet\tools;C:\Users\Jhair\AppData\Roaming\npm;C:\Users\Jhair\AppData\Local\Android\Sdk;C:\Users\Jhair\AppData\Local\Android\Sdk\platform-to
USERNAME=Jhair
LANG=es_ES.UTF-8
OS=Windows_NT
PROCESSOR_IDENTIFIER=AMD64 Family 25 Model 80 Stepping 0, AuthenticAMD
TMP=C:\Users\Jhair\AppData\Local\Temp
TEMP=C:\Users\Jhair\AppData\Local\Temp



---------------  S Y S T E M  ---------------

OS: Windows 11 , 64 bit Build 22621 (10.0.22621.2070)
OS uptime: 3 days 3:22 hours

CPU:total 12 (initial active 12) (12 cores per cpu, 2 threads per core) family 25 model 80 stepping 0 microcode 0x0, cmov, cx8, fxsr, mmx, sse, sse2, sse3, ssse3, sse4.1, sse4.2, popcnt, avx, avx2, aes, clmul, erms, mmxext, 3dnowpref, lzcnt, sse4a, ht, tsc, tscinvbit, tscinv, bmi1, bmi2, adx, sha, fma

Memory: 4k page, system-wide physical 7532M (190M free)
TotalPageFile size 31084M (AvailPageFile size 11M)
current process WorkingSet (physical memory assigned to process): 240M, peak: 240M
current process commit charge ("private bytes"): 319M, peak: 320M

vm_info: OpenJDK 64-Bit Server VM (11.0.18+10-LTS) for windows-amd64 JRE (11.0.18+10-LTS), built on Jan 18 2023 15:56:47 by "MicrosoftCorporation" with MS VC++ 15.9 (VS2017)

END.
